This is pdfTeX, Version 3.141592653-2.6-1.40.24 (TeX Live 2022) (preloaded format=pdflatex 2022.5.13)  15 DEC 2022 15:11
entering extended mode
 restricted \write18 enabled.
 %&-line parsing enabled.
**main.tex
(./main.tex
LaTeX2e <2021-11-15> patch level 1
L3 programming layer <2022-02-24>
(/usr/local/texlive/2022/texmf-dist/tex/latex/standalone/standalone.cls
Document Class: standalone 2018/03/26 v1.3a Class to compile TeX sub-files stan
dalone
(/usr/local/texlive/2022/texmf-dist/tex/latex/tools/shellesc.sty
Package: shellesc 2019/11/08 v1.0c unified shell escape interface for LaTeX
Package shellesc Info: Restricted shell escape enabled on input line 77.
)
(/usr/local/texlive/2022/texmf-dist/tex/generic/iftex/ifluatex.sty
Package: ifluatex 2019/10/25 v1.5 ifluatex legacy package. Use iftex instead.

(/usr/local/texlive/2022/texmf-dist/tex/generic/iftex/iftex.sty
Package: iftex 2022/02/03 v1.0f TeX engine tests
))
(/usr/local/texlive/2022/texmf-dist/tex/latex/xkeyval/xkeyval.sty
Package: xkeyval 2020/11/20 v2.8 package option processing (HA)

(/usr/local/texlive/2022/texmf-dist/tex/generic/xkeyval/xkeyval.tex
(/usr/local/texlive/2022/texmf-dist/tex/generic/xkeyval/xkvutils.tex
\XKV@toks=\toks16
\XKV@tempa@toks=\toks17

(/usr/local/texlive/2022/texmf-dist/tex/generic/xkeyval/keyval.tex))
\XKV@depth=\count185
File: xkeyval.tex 2014/12/03 v2.7a key=value parser (HA)
))
\sa@internal=\count186
\c@sapage=\count187

(/usr/local/texlive/2022/texmf-dist/tex/latex/standalone/standalone.cfg
File: standalone.cfg 2018/03/26 v1.3a Default configuration file for 'standalon
e' class
)
(/usr/local/texlive/2022/texmf-dist/tex/latex/base/article.cls
Document Class: article 2021/10/04 v1.4n Standard LaTeX document class
(/usr/local/texlive/2022/texmf-dist/tex/latex/base/size10.clo
File: size10.clo 2021/10/04 v1.4n Standard LaTeX file (size option)
)
\c@part=\count188
\c@section=\count189
\c@subsection=\count190
\c@subsubsection=\count191
\c@paragraph=\count192
\c@subparagraph=\count193
\c@figure=\count194
\c@table=\count195
\abovecaptionskip=\skip47
\belowcaptionskip=\skip48
\bibindent=\dimen138
)
\sa@box=\box50
)
(/usr/local/texlive/2022/texmf-dist/tex/latex/pgf/frontendlayer/tikz.sty
(/usr/local/texlive/2022/texmf-dist/tex/latex/pgf/basiclayer/pgf.sty
(/usr/local/texlive/2022/texmf-dist/tex/latex/pgf/utilities/pgfrcs.sty
(/usr/local/texlive/2022/texmf-dist/tex/generic/pgf/utilities/pgfutil-common.te
x
\pgfutil@everybye=\toks18
\pgfutil@tempdima=\dimen139
\pgfutil@tempdimb=\dimen140

(/usr/local/texlive/2022/texmf-dist/tex/generic/pgf/utilities/pgfutil-common-li
sts.tex))
(/usr/local/texlive/2022/texmf-dist/tex/generic/pgf/utilities/pgfutil-latex.def
\pgfutil@abb=\box51
) (/usr/local/texlive/2022/texmf-dist/tex/generic/pgf/utilities/pgfrcs.code.tex
(/usr/local/texlive/2022/texmf-dist/tex/generic/pgf/pgf.revision.tex)
Package: pgfrcs 2021/05/15 v3.1.9a (3.1.9a)
))
Package: pgf 2021/05/15 v3.1.9a (3.1.9a)

(/usr/local/texlive/2022/texmf-dist/tex/latex/pgf/basiclayer/pgfcore.sty
(/usr/local/texlive/2022/texmf-dist/tex/latex/graphics/graphicx.sty
Package: graphicx 2021/09/16 v1.2d Enhanced LaTeX Graphics (DPC,SPQR)

(/usr/local/texlive/2022/texmf-dist/tex/latex/graphics/graphics.sty
Package: graphics 2021/03/04 v1.4d Standard LaTeX Graphics (DPC,SPQR)

(/usr/local/texlive/2022/texmf-dist/tex/latex/graphics/trig.sty
Package: trig 2021/08/11 v1.11 sin cos tan (DPC)
)
(/usr/local/texlive/2022/texmf-dist/tex/latex/graphics-cfg/graphics.cfg
File: graphics.cfg 2016/06/04 v1.11 sample graphics configuration
)
Package graphics Info: Driver file: pdftex.def on input line 107.

(/usr/local/texlive/2022/texmf-dist/tex/latex/graphics-def/pdftex.def
File: pdftex.def 2020/10/05 v1.2a Graphics/color driver for pdftex
))
\Gin@req@height=\dimen141
\Gin@req@width=\dimen142
)
(/usr/local/texlive/2022/texmf-dist/tex/latex/pgf/systemlayer/pgfsys.sty
(/usr/local/texlive/2022/texmf-dist/tex/generic/pgf/systemlayer/pgfsys.code.tex
Package: pgfsys 2021/05/15 v3.1.9a (3.1.9a)
(/usr/local/texlive/2022/texmf-dist/tex/generic/pgf/utilities/pgfkeys.code.tex
\pgfkeys@pathtoks=\toks19
\pgfkeys@temptoks=\toks20

(/usr/local/texlive/2022/texmf-dist/tex/generic/pgf/utilities/pgfkeysfiltered.c
ode.tex
\pgfkeys@tmptoks=\toks21
))
\pgf@x=\dimen143
\pgf@y=\dimen144
\pgf@xa=\dimen145
\pgf@ya=\dimen146
\pgf@xb=\dimen147
\pgf@yb=\dimen148
\pgf@xc=\dimen149
\pgf@yc=\dimen150
\pgf@xd=\dimen151
\pgf@yd=\dimen152
\w@pgf@writea=\write3
\r@pgf@reada=\read2
\c@pgf@counta=\count196
\c@pgf@countb=\count197
\c@pgf@countc=\count198
\c@pgf@countd=\count199
\t@pgf@toka=\toks22
\t@pgf@tokb=\toks23
\t@pgf@tokc=\toks24
\pgf@sys@id@count=\count266

(/usr/local/texlive/2022/texmf-dist/tex/generic/pgf/systemlayer/pgf.cfg
File: pgf.cfg 2021/05/15 v3.1.9a (3.1.9a)
)
Driver file for pgf: pgfsys-pdftex.def

(/usr/local/texlive/2022/texmf-dist/tex/generic/pgf/systemlayer/pgfsys-pdftex.d
ef
File: pgfsys-pdftex.def 2021/05/15 v3.1.9a (3.1.9a)

(/usr/local/texlive/2022/texmf-dist/tex/generic/pgf/systemlayer/pgfsys-common-p
df.def
File: pgfsys-common-pdf.def 2021/05/15 v3.1.9a (3.1.9a)
)))
(/usr/local/texlive/2022/texmf-dist/tex/generic/pgf/systemlayer/pgfsyssoftpath.
code.tex
File: pgfsyssoftpath.code.tex 2021/05/15 v3.1.9a (3.1.9a)
\pgfsyssoftpath@smallbuffer@items=\count267
\pgfsyssoftpath@bigbuffer@items=\count268
)
(/usr/local/texlive/2022/texmf-dist/tex/generic/pgf/systemlayer/pgfsysprotocol.
code.tex
File: pgfsysprotocol.code.tex 2021/05/15 v3.1.9a (3.1.9a)
)) (/usr/local/texlive/2022/texmf-dist/tex/latex/xcolor/xcolor.sty
Package: xcolor 2021/10/31 v2.13 LaTeX color extensions (UK)

(/usr/local/texlive/2022/texmf-dist/tex/latex/graphics-cfg/color.cfg
File: color.cfg 2016/01/02 v1.6 sample color configuration
)
Package xcolor Info: Driver file: pdftex.def on input line 227.
Package xcolor Info: Model `cmy' substituted by `cmy0' on input line 1352.
Package xcolor Info: Model `hsb' substituted by `rgb' on input line 1356.
Package xcolor Info: Model `RGB' extended on input line 1368.
Package xcolor Info: Model `HTML' substituted by `rgb' on input line 1370.
Package xcolor Info: Model `Hsb' substituted by `hsb' on input line 1371.
Package xcolor Info: Model `tHsb' substituted by `hsb' on input line 1372.
Package xcolor Info: Model `HSB' substituted by `hsb' on input line 1373.
Package xcolor Info: Model `Gray' substituted by `gray' on input line 1374.
Package xcolor Info: Model `wave' substituted by `hsb' on input line 1375.
)
(/usr/local/texlive/2022/texmf-dist/tex/generic/pgf/basiclayer/pgfcore.code.tex
Package: pgfcore 2021/05/15 v3.1.9a (3.1.9a)
(/usr/local/texlive/2022/texmf-dist/tex/generic/pgf/math/pgfmath.code.tex
(/usr/local/texlive/2022/texmf-dist/tex/generic/pgf/math/pgfmathcalc.code.tex
(/usr/local/texlive/2022/texmf-dist/tex/generic/pgf/math/pgfmathutil.code.tex)
(/usr/local/texlive/2022/texmf-dist/tex/generic/pgf/math/pgfmathparser.code.tex
\pgfmath@dimen=\dimen153
\pgfmath@count=\count269
\pgfmath@box=\box52
\pgfmath@toks=\toks25
\pgfmath@stack@operand=\toks26
\pgfmath@stack@operation=\toks27
)
(/usr/local/texlive/2022/texmf-dist/tex/generic/pgf/math/pgfmathfunctions.code.
tex
(/usr/local/texlive/2022/texmf-dist/tex/generic/pgf/math/pgfmathfunctions.basic
.code.tex)
(/usr/local/texlive/2022/texmf-dist/tex/generic/pgf/math/pgfmathfunctions.trigo
nometric.code.tex)
(/usr/local/texlive/2022/texmf-dist/tex/generic/pgf/math/pgfmathfunctions.rando
m.code.tex)
(/usr/local/texlive/2022/texmf-dist/tex/generic/pgf/math/pgfmathfunctions.compa
rison.code.tex)
(/usr/local/texlive/2022/texmf-dist/tex/generic/pgf/math/pgfmathfunctions.base.
code.tex)
(/usr/local/texlive/2022/texmf-dist/tex/generic/pgf/math/pgfmathfunctions.round
.code.tex)
(/usr/local/texlive/2022/texmf-dist/tex/generic/pgf/math/pgfmathfunctions.misc.
code.tex)
(/usr/local/texlive/2022/texmf-dist/tex/generic/pgf/math/pgfmathfunctions.integ
erarithmetics.code.tex)))
(/usr/local/texlive/2022/texmf-dist/tex/generic/pgf/math/pgfmathfloat.code.tex
\c@pgfmathroundto@lastzeros=\count270
)) (/usr/local/texlive/2022/texmf-dist/tex/generic/pgf/math/pgfint.code.tex)
(/usr/local/texlive/2022/texmf-dist/tex/generic/pgf/basiclayer/pgfcorepoints.co
de.tex
File: pgfcorepoints.code.tex 2021/05/15 v3.1.9a (3.1.9a)
\pgf@picminx=\dimen154
\pgf@picmaxx=\dimen155
\pgf@picminy=\dimen156
\pgf@picmaxy=\dimen157
\pgf@pathminx=\dimen158
\pgf@pathmaxx=\dimen159
\pgf@pathminy=\dimen160
\pgf@pathmaxy=\dimen161
\pgf@xx=\dimen162
\pgf@xy=\dimen163
\pgf@yx=\dimen164
\pgf@yy=\dimen165
\pgf@zx=\dimen166
\pgf@zy=\dimen167
)
(/usr/local/texlive/2022/texmf-dist/tex/generic/pgf/basiclayer/pgfcorepathconst
ruct.code.tex
File: pgfcorepathconstruct.code.tex 2021/05/15 v3.1.9a (3.1.9a)
\pgf@path@lastx=\dimen168
\pgf@path@lasty=\dimen169
)
(/usr/local/texlive/2022/texmf-dist/tex/generic/pgf/basiclayer/pgfcorepathusage
.code.tex
File: pgfcorepathusage.code.tex 2021/05/15 v3.1.9a (3.1.9a)
\pgf@shorten@end@additional=\dimen170
\pgf@shorten@start@additional=\dimen171
)
(/usr/local/texlive/2022/texmf-dist/tex/generic/pgf/basiclayer/pgfcorescopes.co
de.tex
File: pgfcorescopes.code.tex 2021/05/15 v3.1.9a (3.1.9a)
\pgfpic=\box53
\pgf@hbox=\box54
\pgf@layerbox@main=\box55
\pgf@picture@serial@count=\count271
)
(/usr/local/texlive/2022/texmf-dist/tex/generic/pgf/basiclayer/pgfcoregraphicst
ate.code.tex
File: pgfcoregraphicstate.code.tex 2021/05/15 v3.1.9a (3.1.9a)
\pgflinewidth=\dimen172
)
(/usr/local/texlive/2022/texmf-dist/tex/generic/pgf/basiclayer/pgfcoretransform
ations.code.tex
File: pgfcoretransformations.code.tex 2021/05/15 v3.1.9a (3.1.9a)
\pgf@pt@x=\dimen173
\pgf@pt@y=\dimen174
\pgf@pt@temp=\dimen175
)
(/usr/local/texlive/2022/texmf-dist/tex/generic/pgf/basiclayer/pgfcorequick.cod
e.tex
File: pgfcorequick.code.tex 2021/05/15 v3.1.9a (3.1.9a)
)
(/usr/local/texlive/2022/texmf-dist/tex/generic/pgf/basiclayer/pgfcoreobjects.c
ode.tex
File: pgfcoreobjects.code.tex 2021/05/15 v3.1.9a (3.1.9a)
)
(/usr/local/texlive/2022/texmf-dist/tex/generic/pgf/basiclayer/pgfcorepathproce
ssing.code.tex
File: pgfcorepathprocessing.code.tex 2021/05/15 v3.1.9a (3.1.9a)
)
(/usr/local/texlive/2022/texmf-dist/tex/generic/pgf/basiclayer/pgfcorearrows.co
de.tex
File: pgfcorearrows.code.tex 2021/05/15 v3.1.9a (3.1.9a)
\pgfarrowsep=\dimen176
)
(/usr/local/texlive/2022/texmf-dist/tex/generic/pgf/basiclayer/pgfcoreshade.cod
e.tex
File: pgfcoreshade.code.tex 2021/05/15 v3.1.9a (3.1.9a)
\pgf@max=\dimen177
\pgf@sys@shading@range@num=\count272
\pgf@shadingcount=\count273
)
(/usr/local/texlive/2022/texmf-dist/tex/generic/pgf/basiclayer/pgfcoreimage.cod
e.tex
File: pgfcoreimage.code.tex 2021/05/15 v3.1.9a (3.1.9a)

(/usr/local/texlive/2022/texmf-dist/tex/generic/pgf/basiclayer/pgfcoreexternal.
code.tex
File: pgfcoreexternal.code.tex 2021/05/15 v3.1.9a (3.1.9a)
\pgfexternal@startupbox=\box56
))
(/usr/local/texlive/2022/texmf-dist/tex/generic/pgf/basiclayer/pgfcorelayers.co
de.tex
File: pgfcorelayers.code.tex 2021/05/15 v3.1.9a (3.1.9a)
)
(/usr/local/texlive/2022/texmf-dist/tex/generic/pgf/basiclayer/pgfcoretranspare
ncy.code.tex
File: pgfcoretransparency.code.tex 2021/05/15 v3.1.9a (3.1.9a)
)
(/usr/local/texlive/2022/texmf-dist/tex/generic/pgf/basiclayer/pgfcorepatterns.
code.tex
File: pgfcorepatterns.code.tex 2021/05/15 v3.1.9a (3.1.9a)
)
(/usr/local/texlive/2022/texmf-dist/tex/generic/pgf/basiclayer/pgfcorerdf.code.
tex
File: pgfcorerdf.code.tex 2021/05/15 v3.1.9a (3.1.9a)
)))
(/usr/local/texlive/2022/texmf-dist/tex/generic/pgf/modules/pgfmoduleshapes.cod
e.tex
File: pgfmoduleshapes.code.tex 2021/05/15 v3.1.9a (3.1.9a)
\pgfnodeparttextbox=\box57
)
(/usr/local/texlive/2022/texmf-dist/tex/generic/pgf/modules/pgfmoduleplot.code.
tex
File: pgfmoduleplot.code.tex 2021/05/15 v3.1.9a (3.1.9a)
)
(/usr/local/texlive/2022/texmf-dist/tex/latex/pgf/compatibility/pgfcomp-version
-0-65.sty
Package: pgfcomp-version-0-65 2021/05/15 v3.1.9a (3.1.9a)
\pgf@nodesepstart=\dimen178
\pgf@nodesepend=\dimen179
)
(/usr/local/texlive/2022/texmf-dist/tex/latex/pgf/compatibility/pgfcomp-version
-1-18.sty
Package: pgfcomp-version-1-18 2021/05/15 v3.1.9a (3.1.9a)
))
(/usr/local/texlive/2022/texmf-dist/tex/latex/pgf/utilities/pgffor.sty
(/usr/local/texlive/2022/texmf-dist/tex/latex/pgf/utilities/pgfkeys.sty
(/usr/local/texlive/2022/texmf-dist/tex/generic/pgf/utilities/pgfkeys.code.tex)
) (/usr/local/texlive/2022/texmf-dist/tex/latex/pgf/math/pgfmath.sty
(/usr/local/texlive/2022/texmf-dist/tex/generic/pgf/math/pgfmath.code.tex))
(/usr/local/texlive/2022/texmf-dist/tex/generic/pgf/utilities/pgffor.code.tex
Package: pgffor 2021/05/15 v3.1.9a (3.1.9a)

(/usr/local/texlive/2022/texmf-dist/tex/generic/pgf/math/pgfmath.code.tex)
\pgffor@iter=\dimen180
\pgffor@skip=\dimen181
\pgffor@stack=\toks28
\pgffor@toks=\toks29
))
(/usr/local/texlive/2022/texmf-dist/tex/generic/pgf/frontendlayer/tikz/tikz.cod
e.tex
Package: tikz 2021/05/15 v3.1.9a (3.1.9a)

(/usr/local/texlive/2022/texmf-dist/tex/generic/pgf/libraries/pgflibraryplothan
dlers.code.tex
File: pgflibraryplothandlers.code.tex 2021/05/15 v3.1.9a (3.1.9a)
\pgf@plot@mark@count=\count274
\pgfplotmarksize=\dimen182
)
\tikz@lastx=\dimen183
\tikz@lasty=\dimen184
\tikz@lastxsaved=\dimen185
\tikz@lastysaved=\dimen186
\tikz@lastmovetox=\dimen187
\tikz@lastmovetoy=\dimen188
\tikzleveldistance=\dimen189
\tikzsiblingdistance=\dimen190
\tikz@figbox=\box58
\tikz@figbox@bg=\box59
\tikz@tempbox=\box60
\tikz@tempbox@bg=\box61
\tikztreelevel=\count275
\tikznumberofchildren=\count276
\tikznumberofcurrentchild=\count277
\tikz@fig@count=\count278

(/usr/local/texlive/2022/texmf-dist/tex/generic/pgf/modules/pgfmodulematrix.cod
e.tex
File: pgfmodulematrix.code.tex 2021/05/15 v3.1.9a (3.1.9a)
\pgfmatrixcurrentrow=\count279
\pgfmatrixcurrentcolumn=\count280
\pgf@matrix@numberofcolumns=\count281
)
\tikz@expandcount=\count282

(/usr/local/texlive/2022/texmf-dist/tex/generic/pgf/frontendlayer/tikz/librarie
s/tikzlibrarytopaths.code.tex
File: tikzlibrarytopaths.code.tex 2021/05/15 v3.1.9a (3.1.9a)
)))
(/usr/local/texlive/2022/texmf-dist/tex/latex/psnfss/mathptmx.sty
Package: mathptmx 2020/03/25 PSNFSS-v9.3 Times w/ Math, improved (SPQR, WaS) 
LaTeX Font Info:    Redeclaring symbol font `operators' on input line 28.
LaTeX Font Info:    Overwriting symbol font `operators' in version `normal'
(Font)                  OT1/cmr/m/n --> OT1/ztmcm/m/n on input line 28.
LaTeX Font Info:    Overwriting symbol font `operators' in version `bold'
(Font)                  OT1/cmr/bx/n --> OT1/ztmcm/m/n on input line 28.
LaTeX Font Info:    Redeclaring symbol font `letters' on input line 29.
LaTeX Font Info:    Overwriting symbol font `letters' in version `normal'
(Font)                  OML/cmm/m/it --> OML/ztmcm/m/it on input line 29.
LaTeX Font Info:    Overwriting symbol font `letters' in version `bold'
(Font)                  OML/cmm/b/it --> OML/ztmcm/m/it on input line 29.
LaTeX Font Info:    Redeclaring symbol font `symbols' on input line 30.
LaTeX Font Info:    Overwriting symbol font `symbols' in version `normal'
(Font)                  OMS/cmsy/m/n --> OMS/ztmcm/m/n on input line 30.
LaTeX Font Info:    Overwriting symbol font `symbols' in version `bold'
(Font)                  OMS/cmsy/b/n --> OMS/ztmcm/m/n on input line 30.
LaTeX Font Info:    Redeclaring symbol font `largesymbols' on input line 31.
LaTeX Font Info:    Overwriting symbol font `largesymbols' in version `normal'
(Font)                  OMX/cmex/m/n --> OMX/ztmcm/m/n on input line 31.
LaTeX Font Info:    Overwriting symbol font `largesymbols' in version `bold'
(Font)                  OMX/cmex/m/n --> OMX/ztmcm/m/n on input line 31.
\symbold=\mathgroup4
\symitalic=\mathgroup5
LaTeX Font Info:    Redeclaring math alphabet \mathbf on input line 34.
LaTeX Font Info:    Overwriting math alphabet `\mathbf' in version `normal'
(Font)                  OT1/cmr/bx/n --> OT1/ptm/bx/n on input line 34.
LaTeX Font Info:    Overwriting math alphabet `\mathbf' in version `bold'
(Font)                  OT1/cmr/bx/n --> OT1/ptm/bx/n on input line 34.
LaTeX Font Info:    Redeclaring math alphabet \mathit on input line 35.
LaTeX Font Info:    Overwriting math alphabet `\mathit' in version `normal'
(Font)                  OT1/cmr/m/it --> OT1/ptm/m/it on input line 35.
LaTeX Font Info:    Overwriting math alphabet `\mathit' in version `bold'
(Font)                  OT1/cmr/bx/it --> OT1/ptm/m/it on input line 35.
LaTeX Info: Redefining \hbar on input line 50.
)
LaTeX Font Info:    Trying to load font information for OT1+ptm on input line 2
4.

(/usr/local/texlive/2022/texmf-dist/tex/latex/psnfss/ot1ptm.fd
File: ot1ptm.fd 2001/06/04 font definitions for OT1/ptm.
)
(/usr/local/texlive/2022/texmf-dist/tex/latex/l3backend/l3backend-pdftex.def
File: l3backend-pdftex.def 2022-02-07 L3 backend support: PDF output (pdfTeX)
\l__color_backend_stack_int=\count283
\l__pdf_internal_box=\box62
)
(./main.aux)
\openout1 = `main.aux'.

LaTeX Font Info:    Checking defaults for OML/cmm/m/it on input line 24.
LaTeX Font Info:    ... okay on input line 24.
LaTeX Font Info:    Checking defaults for OMS/cmsy/m/n on input line 24.
LaTeX Font Info:    ... okay on input line 24.
LaTeX Font Info:    Checking defaults for OT1/cmr/m/n on input line 24.
LaTeX Font Info:    ... okay on input line 24.
LaTeX Font Info:    Checking defaults for T1/cmr/m/n on input line 24.
LaTeX Font Info:    ... okay on input line 24.
LaTeX Font Info:    Checking defaults for TS1/cmr/m/n on input line 24.
LaTeX Font Info:    ... okay on input line 24.
LaTeX Font Info:    Checking defaults for OMX/cmex/m/n on input line 24.
LaTeX Font Info:    ... okay on input line 24.
LaTeX Font Info:    Checking defaults for U/cmr/m/n on input line 24.
LaTeX Font Info:    ... okay on input line 24.

(/usr/local/texlive/2022/texmf-dist/tex/context/base/mkii/supp-pdf.mkii
[Loading MPS to PDF converter (version 2006.09.02).]
\scratchcounter=\count284
\scratchdimen=\dimen191
\scratchbox=\box63
\nofMPsegments=\count285
\nofMParguments=\count286
\everyMPshowfont=\toks30
\MPscratchCnt=\count287
\MPscratchDim=\dimen192
\MPnumerator=\count288
\makeMPintoPDFobject=\count289
\everyMPtoPDFconversion=\toks31
) (/usr/local/texlive/2022/texmf-dist/tex/latex/epstopdf-pkg/epstopdf-base.sty
Package: epstopdf-base 2020-01-24 v2.11 Base part for package epstopdf
Package epstopdf-base Info: Redefining graphics rule for `.eps' on input line 4
85.

(/usr/local/texlive/2022/texmf-dist/tex/latex/latexconfig/epstopdf-sys.cfg
File: epstopdf-sys.cfg 2010/07/13 v1.3 Configuration of (r)epstopdf for TeX Liv
e
))
\big@size=\dimen193
<supporting/fig_overview_v0_1/main.pdf, id=4, page=1, 504.7106pt x 306.1267pt>
File: supporting/fig_overview_v0_1/main.pdf Graphic file (type pdf)
<use supporting/fig_overview_v0_1/main.pdf, page 1>
Package pdftex.def Info: supporting/fig_overview_v0_1/main.pdf , page1 used on 
input line 72.
(pdftex.def)             Requested size: 512.1496pt x 310.64755pt.

[1

 <./supporting/fig_overview_v0_1/main.pdf{/usr/local/texlive/2022/texmf-var/fon
ts/map/pdftex/updmap/pdftex.map}>]
<scripts/benchmark/NODEBNGM/out/fig_predictions_o.pdf, id=49, page=1, 505.89pt 
x 505.89pt>
File: scripts/benchmark/NODEBNGM/out/fig_predictions_o.pdf Graphic file (type p
df)
<use scripts/benchmark/NODEBNGM/out/fig_predictions_o.pdf, page 1>
Package pdftex.def Info: scripts/benchmark/NODEBNGM/out/fig_predictions_o.pdf ,
 page1 used on input line 77.
(pdftex.def)             Requested size: 512.1496pt x 512.15677pt.
 [2 <./scripts/benchmark/NODEBNGM/out/fig_predictions_o.pdf>]
<scripts/benchmark/NODEBNGM/out/fig_predictions_p.pdf, id=63, page=1, 505.89pt 
x 505.89pt>
File: scripts/benchmark/NODEBNGM/out/fig_predictions_p.pdf Graphic file (type p
df)
<use scripts/benchmark/NODEBNGM/out/fig_predictions_p.pdf, page 1>
Package pdftex.def Info: scripts/benchmark/NODEBNGM/out/fig_predictions_p.pdf ,
 page1 used on input line 82.
(pdftex.def)             Requested size: 512.1496pt x 512.15677pt.
 [3 <./scripts/benchmark/NODEBNGM/out/fig_predictions_p.pdf>]
<scripts/benchmark/out/benchmark_overview.pdf, id=77, page=1, 867.24pt x 867.24
pt>
File: scripts/benchmark/out/benchmark_overview.pdf Graphic file (type pdf)
<use scripts/benchmark/out/benchmark_overview.pdf, page 1>
Package pdftex.def Info: scripts/benchmark/out/benchmark_overview.pdf , page1 u
sed on input line 87.
(pdftex.def)             Requested size: 512.1496pt x 512.17003pt.
[4 <./scripts/benchmark/out/benchmark_overview.pdf>]
<scripts/cmdline_HL/out/fig_predictions_p.pdf, id=91, page=1, 505.89pt x 505.89
pt>
File: scripts/cmdline_HL/out/fig_predictions_p.pdf Graphic file (type pdf)
<use scripts/cmdline_HL/out/fig_predictions_p.pdf, page 1>
Package pdftex.def Info: scripts/cmdline_HL/out/fig_predictions_p.pdf , page1 u
sed on input line 92.
(pdftex.def)             Requested size: 512.1496pt x 512.15677pt.
 [5 <./scripts/cmdline_HL/out/fig_predictions_p.pdf>]
<scripts/cmdline_TS2/out/fig_predictions_p.pdf, id=105, page=1, 505.89pt x 505.
89pt>
File: scripts/cmdline_TS2/out/fig_predictions_p.pdf Graphic file (type pdf)
<use scripts/cmdline_TS2/out/fig_predictions_p.pdf, page 1>
Package pdftex.def Info: scripts/cmdline_TS2/out/fig_predictions_p.pdf , page1 
used on input line 97.
(pdftex.def)             Requested size: 512.1496pt x 512.15677pt.
 [6 <./scripts/cmdline_TS2/out/fig_predictions_p.pdf>]
<supporting/fig_network/main.pdf, id=119, page=1, 530.58627pt x 219.64157pt>
File: supporting/fig_network/main.pdf Graphic file (type pdf)
<use supporting/fig_network/main.pdf, page 1>
Package pdftex.def Info: supporting/fig_network/main.pdf , page1 used on input 
line 102.
(pdftex.def)             Requested size: 512.1496pt x 212.01645pt.
 [7 <./supporting/fig_network/main.pdf>]
<scripts/RStudio_Ushio/out/fig_DIN_v1.pdf, id=144, page=1, 722.7pt x 722.7pt>
File: scripts/RStudio_Ushio/out/fig_DIN_v1.pdf Graphic file (type pdf)
<use scripts/RStudio_Ushio/out/fig_DIN_v1.pdf, page 1>
Package pdftex.def Info: scripts/RStudio_Ushio/out/fig_DIN_v1.pdf , page1 used 
on input line 107.
(pdftex.def)             Requested size: 512.1496pt x 512.15016pt.
 [8 <./scripts/RStudio_Ushio/out/fig_DIN_v1.pdf>]
<scripts/benchmark/out/benchmark_train.pdf, id=158, page=1, 867.24pt x 867.24pt
>
File: scripts/benchmark/out/benchmark_train.pdf Graphic file (type pdf)
<use scripts/benchmark/out/benchmark_train.pdf, page 1>
Package pdftex.def Info: scripts/benchmark/out/benchmark_train.pdf , page1 used
 on input line 119.
(pdftex.def)             Requested size: 512.1496pt x 512.17003pt.
 [9 <./scripts/benchmark/out/benchmark_train.pdf>]
<scripts/benchmark/out/benchmark_test.pdf, id=171, page=1, 867.24pt x 867.24pt>

File: scripts/benchmark/out/benchmark_test.pdf Graphic file (type pdf)
<use scripts/benchmark/out/benchmark_test.pdf, page 1>
Package pdftex.def Info: scripts/benchmark/out/benchmark_test.pdf , page1 used 
on input line 124.
(pdftex.def)             Requested size: 512.1496pt x 512.17003pt.
 [10 <./scripts/benchmark/out/benchmark_test.pdf>]
<scripts/benchmark/NODE/out/effects.pdf, id=184, page=1, 505.89pt x 505.89pt>
File: scripts/benchmark/NODE/out/effects.pdf Graphic file (type pdf)
<use scripts/benchmark/NODE/out/effects.pdf, page 1>
Package pdftex.def Info: scripts/benchmark/NODE/out/effects.pdf , page1 used on
 input line 129.
(pdftex.def)             Requested size: 512.1496pt x 512.15677pt.
 [11 <./scripts/benchmark/NODE/out/effects.pdf>]
<scripts/benchmark/ODE2/out/effects.pdf, id=193, page=1, 505.89pt x 505.89pt>
File: scripts/benchmark/ODE2/out/effects.pdf Graphic file (type pdf)
<use scripts/benchmark/ODE2/out/effects.pdf, page 1>
Package pdftex.def Info: scripts/benchmark/ODE2/out/effects.pdf , page1 used on
 input line 134.
(pdftex.def)             Requested size: 512.1496pt x 512.15677pt.
 [12 <./scripts/benchmark/ODE2/out/effects.pdf>]
<scripts/benchmark/CCM/out/effects.pdf, id=202, page=1, 505.89pt x 505.89pt>
File: scripts/benchmark/CCM/out/effects.pdf Graphic file (type pdf)
<use scripts/benchmark/CCM/out/effects.pdf, page 1>
Package pdftex.def Info: scripts/benchmark/CCM/out/effects.pdf , page1 used on 
input line 138.
(pdftex.def)             Requested size: 512.1496pt x 512.15677pt.
 [13 <./scripts/benchmark/CCM/out/effects.pdf>]
<scripts/cmdline_TS1/out/fig_predictions_o.pdf, id=212, page=1, 505.89pt x 505.
89pt>
File: scripts/cmdline_TS1/out/fig_predictions_o.pdf Graphic file (type pdf)
<use scripts/cmdline_TS1/out/fig_predictions_o.pdf, page 1>
Package pdftex.def Info: scripts/cmdline_TS1/out/fig_predictions_o.pdf , page1 
used on input line 143.
(pdftex.def)             Requested size: 512.1496pt x 512.15677pt.
 [14 <./scripts/cmdline_TS1/out/fig_predictions_o.pdf>]
<scripts/cmdline_TS1/out/fig_crossVal_p.pdf, id=226, page=1, 505.89pt x 505.89p
t>
File: scripts/cmdline_TS1/out/fig_crossVal_p.pdf Graphic file (type pdf)
<use scripts/cmdline_TS1/out/fig_crossVal_p.pdf, page 1>
Package pdftex.def Info: scripts/cmdline_TS1/out/fig_crossVal_p.pdf , page1 use
d on input line 148.
(pdftex.def)             Requested size: 512.1496pt x 512.15677pt.

[15 <./scripts/cmdline_TS1/out/fig_crossVal_p.pdf>]
<scripts/cmdline_TS1/out/fig_predictions_p.pdf, id=238, page=1, 505.89pt x 505.
89pt>
File: scripts/cmdline_TS1/out/fig_predictions_p.pdf Graphic file (type pdf)
<use scripts/cmdline_TS1/out/fig_predictions_p.pdf, page 1>
Package pdftex.def Info: scripts/cmdline_TS1/out/fig_predictions_p.pdf , page1 
used on input line 153.
(pdftex.def)             Requested size: 512.1496pt x 512.15677pt.
 [16 <./scripts/cmdline_TS1/out/fig_predictions_p.pdf>]
<scripts/cmdline_TS2/out/fig_predictions_o.pdf, id=252, page=1, 505.89pt x 505.
89pt>
File: scripts/cmdline_TS2/out/fig_predictions_o.pdf Graphic file (type pdf)
<use scripts/cmdline_TS2/out/fig_predictions_o.pdf, page 1>
Package pdftex.def Info: scripts/cmdline_TS2/out/fig_predictions_o.pdf , page1 
used on input line 158.
(pdftex.def)             Requested size: 512.1496pt x 512.15677pt.
 [17 <./scripts/cmdline_TS2/out/fig_predictions_o.pdf>]
<scripts/cmdline_TS2/out/fig_crossVal_p.pdf, id=266, page=1, 505.89pt x 505.89p
t>
File: scripts/cmdline_TS2/out/fig_crossVal_p.pdf Graphic file (type pdf)
<use scripts/cmdline_TS2/out/fig_crossVal_p.pdf, page 1>
Package pdftex.def Info: scripts/cmdline_TS2/out/fig_crossVal_p.pdf , page1 use
d on input line 163.
(pdftex.def)             Requested size: 512.1496pt x 512.15677pt.
 [18 <./scripts/cmdline_TS2/out/fig_crossVal_p.pdf>]
File: scripts/cmdline_TS2/out/fig_predictions_p.pdf Graphic file (type pdf)
<use scripts/cmdline_TS2/out/fig_predictions_p.pdf, page 1>
Package pdftex.def Info: scripts/cmdline_TS2/out/fig_predictions_p.pdf , page1 
used on input line 168.
(pdftex.def)             Requested size: 512.1496pt x 512.15677pt.
 [19]
<scripts/cmdline_TS3/out/fig_predictions_o.pdf, id=282, page=1, 505.89pt x 505.
89pt>
File: scripts/cmdline_TS3/out/fig_predictions_o.pdf Graphic file (type pdf)
<use scripts/cmdline_TS3/out/fig_predictions_o.pdf, page 1>
Package pdftex.def Info: scripts/cmdline_TS3/out/fig_predictions_o.pdf , page1 
used on input line 173.
(pdftex.def)             Requested size: 512.1496pt x 512.15677pt.
 [20 <./scripts/cmdline_TS3/out/fig_predictions_o.pdf>]
<scripts/cmdline_TS3/out/fig_crossVal_p.pdf, id=297, page=1, 505.89pt x 505.89p
t>
File: scripts/cmdline_TS3/out/fig_crossVal_p.pdf Graphic file (type pdf)
<use scripts/cmdline_TS3/out/fig_crossVal_p.pdf, page 1>
Package pdftex.def Info: scripts/cmdline_TS3/out/fig_crossVal_p.pdf , page1 use
d on input line 178.
(pdftex.def)             Requested size: 512.1496pt x 512.15677pt.
 [21 <./scripts/cmdline_TS3/out/fig_crossVal_p.pdf>]
<scripts/cmdline_TS3/out/fig_predictions_p.pdf, id=309, page=1, 505.89pt x 505.
89pt>
File: scripts/cmdline_TS3/out/fig_predictions_p.pdf Graphic file (type pdf)
<use scripts/cmdline_TS3/out/fig_predictions_p.pdf, page 1>
Package pdftex.def Info: scripts/cmdline_TS3/out/fig_predictions_p.pdf , page1 
used on input line 183.
(pdftex.def)             Requested size: 512.1496pt x 512.15677pt.
 [22 <./scripts/cmdline_TS3/out/fig_predictions_p.pdf>]
<scripts/cmdline_HL/out/fig_predictions_o.pdf, id=323, page=1, 505.89pt x 505.8
9pt>
File: scripts/cmdline_HL/out/fig_predictions_o.pdf Graphic file (type pdf)
<use scripts/cmdline_HL/out/fig_predictions_o.pdf, page 1>
Package pdftex.def Info: scripts/cmdline_HL/out/fig_predictions_o.pdf , page1 u
sed on input line 188.
(pdftex.def)             Requested size: 512.1496pt x 512.15677pt.
 [23 <./scripts/cmdline_HL/out/fig_predictions_o.pdf>]
<scripts/cmdline_HL/out/fig_crossVal_p.pdf, id=337, page=1, 505.89pt x 505.89pt
>
File: scripts/cmdline_HL/out/fig_crossVal_p.pdf Graphic file (type pdf)
<use scripts/cmdline_HL/out/fig_crossVal_p.pdf, page 1>
Package pdftex.def Info: scripts/cmdline_HL/out/fig_crossVal_p.pdf , page1 used
 on input line 193.
(pdftex.def)             Requested size: 512.1496pt x 512.15677pt.
 [24 <./scripts/cmdline_HL/out/fig_crossVal_p.pdf>]
File: scripts/cmdline_HL/out/fig_predictions_p.pdf Graphic file (type pdf)
<use scripts/cmdline_HL/out/fig_predictions_p.pdf, page 1>
Package pdftex.def Info: scripts/cmdline_HL/out/fig_predictions_p.pdf , page1 u
sed on input line 198.
(pdftex.def)             Requested size: 512.1496pt x 512.15677pt.
 [25]
<scripts/RStudio_Ushio/out/fig_time_series.pdf, id=353, page=1, 505.89pt x 505.
89pt>
File: scripts/RStudio_Ushio/out/fig_time_series.pdf Graphic file (type pdf)
<use scripts/RStudio_Ushio/out/fig_time_series.pdf, page 1>
Package pdftex.def Info: scripts/RStudio_Ushio/out/fig_time_series.pdf , page1 
used on input line 203.
(pdftex.def)             Requested size: 512.1496pt x 512.15677pt.
 [26 <./scripts/RStudio_Ushio/out/fig_time_series.pdf>]
<scripts/RStudio_Ushio/out/fig_predictions_o.pdf, id=363, page=1, 505.89pt x 50
5.89pt>
File: scripts/RStudio_Ushio/out/fig_predictions_o.pdf Graphic file (type pdf)
<use scripts/RStudio_Ushio/out/fig_predictions_o.pdf, page 1>
Package pdftex.def Info: scripts/RStudio_Ushio/out/fig_predictions_o.pdf , page
1 used on input line 208.
(pdftex.def)             Requested size: 512.1496pt x 512.15677pt.

[27 <./scripts/RStudio_Ushio/out/fig_predictions_o.pdf>]
<scripts/RStudio_Ushio/out/fig_predictions_o.pdf, id=377, page=2, 505.89pt x 50
5.89pt>
File: scripts/RStudio_Ushio/out/fig_predictions_o.pdf Graphic file (type pdf)
<use scripts/RStudio_Ushio/out/fig_predictions_o.pdf, page 2>
Package pdftex.def Info: scripts/RStudio_Ushio/out/fig_predictions_o.pdf , page
2 used on input line 213.
(pdftex.def)             Requested size: 512.1496pt x 512.15677pt.
 [28 <./scripts/RStudio_Ushio/out/fig_predictions_o.pdf>]
<scripts/RStudio_Ushio/out/fig_predictions_o.pdf, id=391, page=3, 505.89pt x 50
5.89pt>
File: scripts/RStudio_Ushio/out/fig_predictions_o.pdf Graphic file (type pdf)
<use scripts/RStudio_Ushio/out/fig_predictions_o.pdf, page 3>
Package pdftex.def Info: scripts/RStudio_Ushio/out/fig_predictions_o.pdf , page
3 used on input line 218.
(pdftex.def)             Requested size: 512.1496pt x 512.15677pt.
 [29 <./scripts/RStudio_Ushio/out/fig_predictions_o.pdf>]
<scripts/RStudio_Ushio/out/fig_predictions_o.pdf, id=405, page=4, 505.89pt x 50
5.89pt>
File: scripts/RStudio_Ushio/out/fig_predictions_o.pdf Graphic file (type pdf)
<use scripts/RStudio_Ushio/out/fig_predictions_o.pdf, page 4>
Package pdftex.def Info: scripts/RStudio_Ushio/out/fig_predictions_o.pdf , page
4 used on input line 223.
(pdftex.def)             Requested size: 512.1496pt x 512.15677pt.
 [30 <./scripts/RStudio_Ushio/out/fig_predictions_o.pdf>]
<scripts/RStudio_Ushio/out/fig_predictions_p.pdf, id=419, page=1, 505.89pt x 50
5.89pt>
File: scripts/RStudio_Ushio/out/fig_predictions_p.pdf Graphic file (type pdf)
<use scripts/RStudio_Ushio/out/fig_predictions_p.pdf, page 1>
Package pdftex.def Info: scripts/RStudio_Ushio/out/fig_predictions_p.pdf , page
1 used on input line 228.
(pdftex.def)             Requested size: 512.1496pt x 512.15677pt.
 [31 <./scripts/RStudio_Ushio/out/fig_predictions_p.pdf>]
<scripts/RStudio_Ushio/out/fig_predictions_p.pdf, id=435, page=2, 505.89pt x 50
5.89pt>
File: scripts/RStudio_Ushio/out/fig_predictions_p.pdf Graphic file (type pdf)
<use scripts/RStudio_Ushio/out/fig_predictions_p.pdf, page 2>
Package pdftex.def Info: scripts/RStudio_Ushio/out/fig_predictions_p.pdf , page
2 used on input line 233.
(pdftex.def)             Requested size: 512.1496pt x 512.15677pt.
 [32 <./scripts/RStudio_Ushio/out/fig_predictions_p.pdf>]
<scripts/RStudio_Ushio/out/fig_predictions_p.pdf, id=449, page=3, 505.89pt x 50
5.89pt>
File: scripts/RStudio_Ushio/out/fig_predictions_p.pdf Graphic file (type pdf)
<use scripts/RStudio_Ushio/out/fig_predictions_p.pdf, page 3>
Package pdftex.def Info: scripts/RStudio_Ushio/out/fig_predictions_p.pdf , page
3 used on input line 238.
(pdftex.def)             Requested size: 512.1496pt x 512.15677pt.
 [33 <./scripts/RStudio_Ushio/out/fig_predictions_p.pdf>]
<scripts/RStudio_Ushio/out/fig_predictions_p.pdf, id=463, page=4, 505.89pt x 50
5.89pt>
File: scripts/RStudio_Ushio/out/fig_predictions_p.pdf Graphic file (type pdf)
<use scripts/RStudio_Ushio/out/fig_predictions_p.pdf, page 4>
Package pdftex.def Info: scripts/RStudio_Ushio/out/fig_predictions_p.pdf , page
4 used on input line 243.
(pdftex.def)             Requested size: 512.1496pt x 512.15677pt.
 [34 <./scripts/RStudio_Ushio/out/fig_predictions_p.pdf>]
<scripts/RStudio_Ushio/out/fig_crossVal_p.pdf, id=477, page=1, 505.89pt x 505.8
9pt>
File: scripts/RStudio_Ushio/out/fig_crossVal_p.pdf Graphic file (type pdf)
<use scripts/RStudio_Ushio/out/fig_crossVal_p.pdf, page 1>
Package pdftex.def Info: scripts/RStudio_Ushio/out/fig_crossVal_p.pdf , page1 u
sed on input line 248.
(pdftex.def)             Requested size: 512.1496pt x 512.15677pt.
 [35 <./scripts/RStudio_Ushio/out/fig_crossVal_p.pdf>]
<scripts/RStudio_Ushio/out/fig_crossVal_p.pdf, id=489, page=2, 505.89pt x 505.8
9pt>
File: scripts/RStudio_Ushio/out/fig_crossVal_p.pdf Graphic file (type pdf)
<use scripts/RStudio_Ushio/out/fig_crossVal_p.pdf, page 2>
Package pdftex.def Info: scripts/RStudio_Ushio/out/fig_crossVal_p.pdf , page2 u
sed on input line 253.
(pdftex.def)             Requested size: 512.1496pt x 512.15677pt.
 [36 <./scripts/RStudio_Ushio/out/fig_crossVal_p.pdf>]
<scripts/RStudio_Ushio/out/fig_crossVal_p.pdf, id=501, page=3, 505.89pt x 505.8
9pt>
File: scripts/RStudio_Ushio/out/fig_crossVal_p.pdf Graphic file (type pdf)
<use scripts/RStudio_Ushio/out/fig_crossVal_p.pdf, page 3>
Package pdftex.def Info: scripts/RStudio_Ushio/out/fig_crossVal_p.pdf , page3 u
sed on input line 258.
(pdftex.def)             Requested size: 512.1496pt x 512.15677pt.
 [37 <./scripts/RStudio_Ushio/out/fig_crossVal_p.pdf>]
<scripts/RStudio_Ushio/out/fig_crossVal_p.pdf, id=514, page=4, 505.89pt x 505.8
9pt>
File: scripts/RStudio_Ushio/out/fig_crossVal_p.pdf Graphic file (type pdf)
<use scripts/RStudio_Ushio/out/fig_crossVal_p.pdf, page 4>
Package pdftex.def Info: scripts/RStudio_Ushio/out/fig_crossVal_p.pdf , page4 u
sed on input line 263.
(pdftex.def)             Requested size: 512.1496pt x 512.15677pt.
 [38 <./scripts/RStudio_Ushio/out/fig_crossVal_p.pdf>] (./main.aux) ) 
Here is how much of TeX's memory you used:
 12660 strings out of 478268
 272388 string characters out of 5846347
 517278 words of memory out of 5000000
 30647 multiletter control sequences out of 15000+600000
 469766 words of font info for 29 fonts, out of 8000000 for 9000
 1141 hyphenation exceptions out of 8191
 100i,7n,104p,416b,627s stack positions out of 10000i,1000n,20000p,200000b,200000s
</usr/loca
l/texlive/2022/texmf-dist/fonts/type1/public/amsfonts/cm/cmmi10.pfb></usr/local
/texlive/2022/texmf-dist/fonts/type1/public/amsfonts/cm/cmr10.pfb></usr/local/t
exlive/2022/texmf-dist/fonts/type1/urw/symbol/usyr.pfb></usr/local/texlive/2022
/texmf-dist/fonts/type1/urw/times/utmr8a.pfb></usr/local/texlive/2022/texmf-dis
t/fonts/type1/urw/times/utmri8a.pfb>
Output written on main.pdf (38 pages, 1380349 bytes).
PDF statistics:
 537 PDF objects out of 1000 (max. 8388607)
 401 compressed objects within 5 object streams
 0 named destinations out of 1000 (max. 500000)
 193 words of extra memory for PDF output out of 10000 (max. 10000000)

